TN:
SF:src\lib\accounting.js
FN:11,calculateTransactionFinancials
FN:65,calculateAggregateFinancials
FN:71,(anonymous_2)
FN:96,calculateNetProfit
FN:113,validateTransactionFinancials
FN:152,formatCurrency
FN:170,formatCurrencyCompact
FNF:7
FNH:7
FNDA:20,calculateTransactionFinancials
FNDA:4,calculateAggregateFinancials
FNDA:8,(anonymous_2)
FNDA:5,calculateNetProfit
FNDA:5,validateTransactionFinancials
FNDA:8,formatCurrency
FNDA:4,formatCurrencyCompact
DA:13,20
DA:15,20
DA:16,20
DA:19,20
DA:20,1
DA:32,19
DA:33,19
DA:36,19
DA:39,19
DA:42,19
DA:45,19
DA:48,19
DA:50,19
DA:66,4
DA:67,4
DA:68,4
DA:69,4
DA:71,4
DA:72,8
DA:73,8
DA:74,8
DA:75,8
DA:76,8
DA:79,4
DA:97,5
DA:98,5
DA:100,5
DA:114,5
DA:117,5
DA:118,5
DA:120,5
DA:121,2
DA:125,5
DA:126,2
DA:129,5
DA:130,2
DA:133,5
DA:134,1
DA:137,5
DA:138,1
DA:141,5
DA:153,8
DA:154,3
DA:157,5
DA:171,4
DA:172,0
DA:175,4
LF:47
LH:46
BRDA:13,0,0,20
BRDA:13,0,1,2
BRDA:19,1,0,1
BRDA:19,1,1,19
BRDA:24,2,0,1
BRDA:24,2,1,0
BRDA:25,3,0,1
BRDA:25,3,1,0
BRDA:25,4,0,1
BRDA:25,4,1,0
BRDA:26,5,0,1
BRDA:26,5,1,0
BRDA:27,6,0,1
BRDA:27,6,1,0
BRDA:27,7,0,1
BRDA:27,7,1,0
BRDA:39,8,0,19
BRDA:39,8,1,2
BRDA:42,9,0,19
BRDA:42,9,1,0
BRDA:45,10,0,19
BRDA:45,10,1,2
BRDA:45,11,0,19
BRDA:45,11,1,2
BRDA:85,12,0,3
BRDA:85,12,1,1
BRDA:86,13,0,3
BRDA:86,13,1,1
BRDA:98,14,0,4
BRDA:98,14,1,1
BRDA:120,15,0,2
BRDA:120,15,1,3
BRDA:125,16,0,2
BRDA:125,16,1,3
BRDA:129,17,0,2
BRDA:129,17,1,3
BRDA:133,18,0,1
BRDA:133,18,1,4
BRDA:137,19,0,1
BRDA:137,19,1,4
BRDA:153,20,0,3
BRDA:153,20,1,5
BRDA:153,21,0,8
BRDA:153,21,1,6
BRDA:171,22,0,0
BRDA:171,22,1,4
BRDA:171,23,0,4
BRDA:171,23,1,4
BRF:48
BRH:40
end_of_record
TN:
SF:src\lib\utils.js
FN:5,cn
FN:9,calculateFinancials
FN:52,exportToExcel
FN:76,validatePriceRangesForTier
FN:79,(anonymous_4)
FN:101,(anonymous_5)
FN:122,getPriceRangeConflicts
FN:126,(anonymous_7)
FN:133,(anonymous_8)
FN:144,(anonymous_9)
FNF:10
FNH:0
FNDA:0,cn
FNDA:0,calculateFinancials
FNDA:0,exportToExcel
FNDA:0,validatePriceRangesForTier
FNDA:0,(anonymous_4)
FNDA:0,(anonymous_5)
FNDA:0,getPriceRangeConflicts
FNDA:0,(anonymous_7)
FNDA:0,(anonymous_8)
FNDA:0,(anonymous_9)
DA:6,0
DA:11,0
DA:21,0
DA:23,0
DA:25,0
DA:26,0
DA:28,0
DA:29,0
DA:30,0
DA:31,0
DA:32,0
DA:35,0
DA:36,0
DA:38,0
DA:40,0
DA:43,0
DA:44,0
DA:46,0
DA:47,0
DA:49,0
DA:53,0
DA:54,0
DA:55,0
DA:56,0
DA:57,0
DA:60,0
DA:62,0
DA:63,0
DA:77,0
DA:79,0
DA:80,0
DA:81,0
DA:82,0
DA:83,0
DA:86,0
DA:87,0
DA:88,0
DA:93,0
DA:94,0
DA:96,0
DA:97,0
DA:101,0
DA:102,0
DA:103,0
DA:104,0
DA:107,0
DA:108,0
DA:115,0
DA:123,0
DA:124,0
DA:126,0
DA:133,0
DA:134,0
DA:135,0
DA:136,0
DA:137,0
DA:138,0
DA:139,0
DA:144,0
DA:145,0
DA:146,0
DA:147,0
DA:148,0
DA:149,0
DA:158,0
LF:65
LH:0
BRDA:11,0,0,0
BRDA:11,0,1,0
BRDA:23,1,0,0
BRDA:23,1,1,0
BRDA:23,2,0,0
BRDA:23,2,1,0
BRDA:28,3,0,0
BRDA:28,3,1,0
BRDA:29,4,0,0
BRDA:29,4,1,0
BRDA:30,5,0,0
BRDA:30,5,1,0
BRDA:30,6,0,0
BRDA:30,6,1,0
BRDA:38,7,0,0
BRDA:38,7,1,0
BRDA:43,8,0,0
BRDA:43,8,1,0
BRDA:44,9,0,0
BRDA:44,9,1,0
BRDA:46,10,0,0
BRDA:46,10,1,0
BRDA:46,11,0,0
BRDA:46,11,1,0
BRDA:77,12,0,0
BRDA:77,12,1,0
BRDA:80,13,0,0
BRDA:80,13,1,0
BRDA:80,13,2,0
BRDA:81,14,0,0
BRDA:81,14,1,0
BRDA:81,14,2,0
BRDA:82,15,0,0
BRDA:82,15,1,0
BRDA:87,16,0,0
BRDA:87,16,1,0
BRDA:87,17,0,0
BRDA:87,17,1,0
BRDA:93,18,0,0
BRDA:93,18,1,0
BRDA:96,19,0,0
BRDA:96,19,1,0
BRDA:107,20,0,0
BRDA:107,20,1,0
BRDA:124,21,0,0
BRDA:124,21,1,0
BRDA:127,22,0,0
BRDA:127,22,1,0
BRDA:127,22,2,0
BRDA:128,23,0,0
BRDA:128,23,1,0
BRDA:128,23,2,0
BRDA:129,24,0,0
BRDA:129,24,1,0
BRDA:134,25,0,0
BRDA:134,25,1,0
BRDA:134,26,0,0
BRDA:134,26,1,0
BRDA:136,27,0,0
BRDA:136,27,1,0
BRDA:138,28,0,0
BRDA:138,28,1,0
BRDA:144,29,0,0
BRDA:144,29,1,0
BRDA:148,30,0,0
BRDA:148,30,1,0
BRF:66
BRH:0
end_of_record
